  AAPI.cxx
D:\projects\eco-driving_powertrainOpt\AAPI.cxx(85,24): warning C4101: 'P_b': unreferenced local variable
D:\projects\eco-driving_powertrainOpt\AAPI.cxx(85,29): warning C4101: 'P_f': unreferenced local variable
D:\projects\eco-driving_powertrainOpt\AAPI.cxx(81,73): warning C4101: 'FC_hev': unreferenced local variable
D:\projects\eco-driving_powertrainOpt\AAPI.cxx(169,6): warning C4101: 'ngrp': unreferenced local variable
D:\projects\eco-driving_powertrainOpt\AAPI.cxx(170,6): warning C4101: 'grp_id': unreferenced local variable
D:\projects\eco-driving_powertrainOpt\AAPI.cxx(412,6): warning C4101: 'ngrp': unreferenced local variable
D:\projects\eco-driving_powertrainOpt\AAPI.cxx(412,12): warning C4101: 'nturn': unreferenced local variable
D:\projects\eco-driving_powertrainOpt\AAPI.cxx(606,36): warning C4244: '=': conversion from 'double' to 'int', possible loss of data
D:\projects\eco-driving_powertrainOpt\AAPI.cxx(729,14): warning C4101: 'ttg0': unreferenced local variable
D:\projects\eco-driving_powertrainOpt\AAPI.cxx(730,9): warning C4101: 'max': unreferenced local variable
D:\projects\eco-driving_powertrainOpt\AAPI.cxx(727,25): warning C4101: 'ph_cur': unreferenced local variable
D:\projects\eco-driving_powertrainOpt\AAPI.cxx(727,6): warning C4101: 'offset': unreferenced local variable
D:\projects\eco-driving_powertrainOpt\AAPI.cxx(729,26): warning C4101: 'dtg1': unreferenced local variable
D:\projects\eco-driving_powertrainOpt\AAPI.cxx(729,20): warning C4101: 'ttg1': unreferenced local variable
D:\projects\eco-driving_powertrainOpt\AAPI.cxx(728,22): warning C4101: 'vn_lan': unreferenced local variable
D:\projects\eco-driving_powertrainOpt\AAPI.cxx(727,14): warning C4101: 'sig_cycle': unreferenced local variable
D:\projects\eco-driving_powertrainOpt\AAPI.cxx(731,66): warning C4101: 'spd_pre': unreferenced local variable
D:\projects\eco-driving_powertrainOpt\AAPI.cxx(730,14): warning C4101: 'min': unreferenced local variable
D:\projects\eco-driving_powertrainOpt\AAPI.cxx(729,32): warning C4101: 'ttr': unreferenced local variable
D:\projects\eco-driving_powertrainOpt\AAPI.cxx(730,19): warning C4101: 'dur': unreferenced local variable
D:\projects\eco-driving_powertrainOpt\AAPI.cxx(732,31): warning C4101: 'flw_lan': unreferenced local variable
D:\projects\eco-driving_powertrainOpt\AAPI.cxx(731,56): warning C4101: 'spd_wave': unreferenced local variable
D:\projects\eco-driving_powertrainOpt\AAPI.cxx(729,37): warning C4101: 'ph_start': unreferenced local variable
D:\projects\eco-driving_powertrainOpt\AAPI.cxx(733,21): warning C4101: 'd2t': unreferenced local variable
D:\projects\eco-driving_powertrainOpt\AAPI.cxx(732,20): warning C4101: 't0_lan': unreferenced local variable
D:\projects\eco-driving_powertrainOpt\AAPI.cxx(732,9): warning C4101: 'ta_lan': unreferenced local variable
D:\projects\eco-driving_powertrainOpt\AAPI.cxx(733,26): warning C4101: 'd2a': unreferenced local variable
D:\projects\eco-driving_powertrainOpt\AAPI.cxx(729,9): warning C4101: 'ttg': unreferenced local variable
C:\Program Files\Microsoft Visual Studio\2022\Community\MSBuild\Microsoft\VC\v170\Microsoft.CppBuild.targets(1392,5): warning MSB8012: TargetPath(D:\projects\eco-driving_powertrainOpt\x64\Release\AAPI.dll) does not match the Linker's OutputFile property value (D:\projects\eco-driving_powertrainOpt\AAPI_R.dll). This may cause your project to build incorrectly. To correct this, please make sure that $(OutDir), $(TargetName) and $(TargetExt) property values match the value specified in %(Link.OutputFile).
C:\Program Files\Microsoft Visual Studio\2022\Community\MSBuild\Microsoft\VC\v170\Microsoft.CppBuild.targets(1394,5): warning MSB8012: TargetName(AAPI) does not match the Linker's OutputFile property value (AAPI_R). This may cause your project to build incorrectly. To correct this, please make sure that $(OutDir), $(TargetName) and $(TargetExt) property values match the value specified in %(Link.OutputFile).
     Creating library .\Release/AAPI_R.lib and object .\Release/AAPI_R.exp
  AAPI.vcxproj -> D:\projects\eco-driving_powertrainOpt\x64\Release\AAPI.dll
